

  アバウト画面のテスト
    表示内容の確認
[31m      URLが正しい (FAILED - 1)[0m
  ヘッダーのテスト: ログインしていない場合
  
    表示内容の確認
[31m      Aboutを押すと、アバウト画面に遷移する (FAILED - 2)[0m


  ユーザログアウトのテスト
    ログアウト機能のテスト
[31m      正しくログアウトできている: ログアウト後のリダイレクト先においてAbout画面へのリンクが存在する (FAILED - 3)[0m

  投稿一覧画面のテスト
    表示内容の確認
[31m      自分と他人の画像のリンク先が正しい (FAILED - 4)[0m

    編集リンクのテスト
[31m      編集画面に遷移する (FAILED - 5)[0m

    削除リンクのテスト
[31m      リダイレクト先が、投稿一覧画面になっている (FAILED - 6)[0m

  自分の投稿編集画面のテスト
    表示の確認
[31m      URLが正しい (FAILED - 7)[0m
[31m      「Editing Book」と表示される (FAILED - 8)[0m
[31m      title編集フォームが表示される (FAILED - 9)[0m
[31m      body編集フォームが表示される (FAILED - 10)[0m
[31m      Update Bookボタンが表示される (FAILED - 11)[0m
[31m      Showリンクが表示される (FAILED - 12)[0m
[31m      Backリンクが表示される (FAILED - 13)[0m

    編集成功のテスト
[31m      titleが正しく更新される (FAILED - 14)[0m
[31m      bodyが正しく更新される (FAILED - 15)[0m
[31m      リダイレクト先が、更新した投稿の詳細画面になっている (FAILED - 16)[0m

  ユーザ一覧画面のテスト
    表示内容の確認
[31m      自分と他人のshowリンクがそれぞれ表示される (FAILED - 17)[0m
 
    更新成功のテスト
[31m      リダイレクト先が、自分のユーザ詳細画面になっている (FAILED - 18)[0m

[STEP3] 仕上げのテスト
  サクセスメッセージのテスト
[31m    投稿データの更新成功時 (FAILED - 19)[0m

  処理失敗時のテスト
    投稿データの更新失敗: titleを空にする
[31m      投稿が更新されない (FAILED - 20)[0m
[31m      投稿編集画面を表示しており、フォームの内容が正しい (FAILED - 21)[0m
[31m      エラーメッセージが表示される (FAILED - 22)[0m
 
    他人の投稿編集画面
[31m      遷移できず、投稿一覧画面にリダイレクトされる (FAILED - 23)[0m
    
    他人のユーザ情報編集画面
[31m      遷移できず、自分のユーザ詳細画面にリダイレクトされる (FAILED - 24)[0m
 
    アバウト画面
[31m      本のアイコンが表示される (FAILED - 25)[0m
   